<?xml version="1.0" encoding="UTF-8"?>
<!-- Generated by org.testng.reporters.JUnitReportReporter -->
<testsuite hostname="users-MacBook-Pro.local" failures="0" tests="1" name="com.automation.Login" time="10.429" errors="0" timestamp="17 Jul 2023 09:12:34 GMT">
  <testcase classname="com.automation.Login" name="Loginapp" time="10.429"/>
</testsuite> <!-- com.automation.Login -->
